[0705/000826.432:INFO:CONSOLE:2136] "[DCL:hvelp-papercut] observers:initialising hidden-slot-1", source: https://www.amazon.in/events/primeday (2136)
[0705/000826.433:INFO:CONSOLE:2642] "#PCPO-hidden-slot-2", source: https://www.amazon.in/events/primeday (2642)
[0705/000826.433:INFO:CONSOLE:2706] "[DCL:hvelp-papercut] observers:initialising hidden-slot-3", source: https://www.amazon.in/events/primeday (2706)
[0705/000826.434:INFO:CONSOLE:2749] "[DCL:hvelp-papercut] observers:initialising hidden-slot-4", source: https://www.amazon.in/events/primeday (2749)
[0705/000826.434:INFO:CONSOLE:4763] "#PCPO-slot-6", source: https://www.amazon.in/events/primeday (4763)
[0705/000826.446:INFO:CONSOLE:2130] "[DCL:inline-hero] init:run", source: https://www.amazon.in/events/primeday (2130)
[0705/000826.470:INFO:CONSOLE:2705] "[DCL:hvelp-papercut] intersectionObserver:trigger hidden-slot-3 [object Object]", source: https://www.amazon.in/events/primeday (2705)
[0705/000826.471:INFO:CONSOLE:2135] "[DCL:hvelp-papercut] intersectionObserver:trigger hidden-slot-1 [object Object]", source: https://www.amazon.in/events/primeday (2135)
[0705/000826.471:INFO:CONSOLE:2748] "[DCL:hvelp-papercut] intersectionObserver:trigger hidden-slot-4 [object Object]", source: https://www.amazon.in/events/primeday (2748)
[0705/000826.491:INFO:CONSOLE:2] "Registered provider i for configuration resolution.", source: https://m.media-amazon.com/images/I/91BUu4P9I0L.js (2)
[0705/000826.897:INFO:CONSOLE:2135] "[DCL:hvelp-papercut] mutationObserver:trigger hidden-slot-1", source: https://www.amazon.in/events/primeday (2135)
[0705/000826.910:INFO:CONSOLE:2705] "[DCL:hvelp-papercut] mutationObserver:trigger hidden-slot-3", source: https://www.amazon.in/events/primeday (2705)
[0705/000826.910:INFO:CONSOLE:2748] "[DCL:hvelp-papercut] mutationObserver:trigger hidden-slot-4", source: https://www.amazon.in/events/primeday (2748)
[0705/000838.024:INFO:CONSOLE:2135] "[DCL:hvelp-papercut] intersectionObserver:trigger hidden-slot-1 [object Object]", source: https://www.amazon.in/events/primeday (2135)
[0705/000838.042:INFO:CONSOLE:2135] "[DCL:hvelp-papercut] initUninitializedCarousels:init hidden-slot-1", source: https://www.amazon.in/events/primeday (2135)
[0705/000838.048:INFO:CONSOLE:2130] "[DCL:inline-hero] init:run", source: https://www.amazon.in/events/primeday (2130)
[0705/000839.218:INFO:CONSOLE:2135] "[DCL:hvelp-papercut] intersectionObserver:trigger hidden-slot-1 [object Object]", source: https://www.amazon.in/events/primeday (2135)
[0705/000839.224:INFO:CONSOLE:67] "%creact-virtuoso: %c%s %o color: #0253b3; font-weight: bold color: initial Zero-sized element, this should not happen [object Object]", source: https://m.media-amazon.com/images/I/91BUu4P9I0L.js (67)
[0705/000839.265:INFO:CONSOLE:67] "%creact-virtuoso: %c%s %o color: #0253b3; font-weight: bold color: initial Zero-sized element, this should not happen [object Object]", source: https://m.media-amazon.com/images/I/91BUu4P9I0L.js (67)
[0705/000839.630:INFO:CONSOLE:4] "Error logged with the Track&Report JS errors API(http://tiny/1covqr6l8/wamazindeClieUserJava): {"m":"Failed to execute 'json' on 'Response': Unexpected end of JSON inputFailed to execute 'json' on 'Response': Unexpected end of JSON input","name":"SyntaxError","csm":"v5 ueLogError stack","logLevel":"FATAL","attribution":"deals","pageURL":"https://www.amazon.in/events/primeday?promotionsSearchLastSeenAsin=B0FHWWDRRM&promotionsSearchStartIndex=0&promotionsSearchPageSize=60","f":"https://m.media-amazon.com/images/I/81cuYjZ0ZrL.js","l":"2","s":["SyntaxError: Unexpected end of JSON input","at https://m.media-amazon.com/images/I/81cuYjZ0ZrL.js:2:32417","at s (https://m.media-amazon.com/images/I/81cuYjZ0ZrL.js:2:22857)","at Generator.<anonymous> (https://m.media-amazon.com/images/I/81cuYjZ0ZrL.js:2:24195)","at Generator.next (https://m.media-amazon.com/images/I/81cuYjZ0ZrL.js:2:23220)","at qt (https://m.media-amazon.com/images/I/81cuYjZ0ZrL.js:2:28849)","at a (https://m.media-amazon.com/images/I/81cuYjZ0ZrL.js:2:33091)"],"t":15269,"fcsmln":5,"cinfo":{"1":"<!-- sp:feature:head-start --><head><script async=\"\" src=\"https://c.amazon-adsystem.com/bao-csm/forensics/a9-tq-forensics.min.js\" crossorigin=\"anonymous\"></script><script async=\"\" src=\"https://images-na.ssl-images-amazon.com/images/I/215h87l68bL.js\" crossorigin=\"anonymous\"></script><script>var aPageStart = (new Date()).getTime();</script><meta charset=\"utf-8\">","2":"<!-- sp:end-feature:head-start -->","3":"<!-- sp:feature:csm:head-open-part1 -->","4":""}} [object Object]", source: https://images-na.ssl-images-amazon.com/images/I/215h87l68bL.js (4)
[0705/000839.644:INFO:CONSOLE:67] "%creact-virtuoso: %c%s %o color: #0253b3; font-weight: bold color: initial Zero-sized element, this should not happen [object Object]", source: https://m.media-amazon.com/images/I/91BUu4P9I0L.js (67)
